2025-08-09 17:26:08.168  INFO 4500 --- [main] com.chlcn.CommentApplication             : Starting CommentApplication using Java 1.8.0_391 on LAPTOP-DPUT71H4 with PID 4500 (D:\code\comment\comment-main\target\classes started by chl in D:\code\comment)
2025-08-09 17:26:08.172  INFO 4500 --- [main] com.chlcn.CommentApplication             : No active profile set, falling back to default profiles: default
2025-08-09 17:26:08.778  INFO 4500 --- [main] o.s.b.w.embedded.tomcat.TomcatWebServer  : Tomcat initialized with port(s): 8488 (http)
2025-08-09 17:26:08.783  INFO 4500 --- [main] o.apache.catalina.core.StandardService   : Starting service [Tomcat]
2025-08-09 17:26:08.784  INFO 4500 --- [main] org.apache.catalina.core.StandardEngine  : Starting Servlet engine: [Apache Tomcat/9.0.41]
2025-08-09 17:26:08.847  INFO 4500 --- [main] o.a.c.c.C.[Tomcat].[localhost].[/]       : Initializing Spring embedded WebApplicationContext
2025-08-09 17:26:08.847  INFO 4500 --- [main] w.s.c.ServletWebServerApplicationContext : Root WebApplicationContext: initialization completed in 640 ms
2025-08-09 17:26:09.078  INFO 4500 --- [main] com.zaxxer.hikari.HikariDataSource       : HikariPool-1 - Starting...
2025-08-09 17:26:10.622  INFO 4500 --- [main] com.zaxxer.hikari.HikariDataSource       : HikariPool-1 - Start completed.
2025-08-09 17:26:10.755  INFO 4500 --- [main] o.s.s.concurrent.ThreadPoolTaskExecutor  : Initializing ExecutorService 'applicationTaskExecutor'
2025-08-09 17:26:10.855  INFO 4500 --- [main] o.s.b.w.embedded.tomcat.TomcatWebServer  : Tomcat started on port(s): 8488 (http) with context path ''
2025-08-09 17:26:10.860  INFO 4500 --- [main] com.chlcn.CommentApplication             : Started CommentApplication in 3.073 seconds (JVM running for 4.03)
2025-08-09 17:26:16.031  INFO 4500 --- [http-nio-8488-exec-1] o.a.c.c.C.[Tomcat].[localhost].[/]       : Initializing Spring DispatcherServlet 'dispatcherServlet'
2025-08-09 17:26:16.031  INFO 4500 --- [http-nio-8488-exec-1] o.s.web.servlet.DispatcherServlet        : Initializing Servlet 'dispatcherServlet'
2025-08-09 17:26:16.032  INFO 4500 --- [http-nio-8488-exec-1] o.s.web.servlet.DispatcherServlet        : Completed initialization in 1 ms
2025-08-09 17:26:16.108  INFO 4500 --- [http-nio-8488-exec-1] com.chlcn.controller.CommentController   : 增加评论-controller层-addComment-入参:{"content":"这是一条敏感词测试2222","module":2,"resourceId":"123","score":6,"userId":"3"}
2025-08-09 17:26:16.115  INFO 4500 --- [http-nio-8488-exec-1] c.chlcn.service.impl.CommentServiceImpl  : 增加评论-service层-addComment-入参:{"content":"这是一条敏感词测试2222","createTime":1754731576113,"isDelete":0,"module":2,"resourceId":123,"score":6,"starNum":0,"status":0,"updateTime":1754731576113,"userId":3}
2025-08-09 17:26:16.119  INFO 4500 --- [http-nio-8488-exec-1] c.chlcn.service.impl.CommentServiceImpl  : DFA过滤算法-过滤前:这是一条敏感词测试2222
2025-08-09 17:26:16.119  INFO 4500 --- [http-nio-8488-exec-1] c.chlcn.service.impl.CommentServiceImpl  : DFA过滤算法-过滤后:这是一条敏感词测试2222
2025-08-09 17:26:16.799  INFO 4500 --- [http-nio-8488-exec-1] c.chlcn.service.impl.CommentServiceImpl  : 增加评论-service层-addComment-出参:1
2025-08-09 17:26:16.799  INFO 4500 --- [http-nio-8488-exec-1] com.chlcn.controller.CommentController   : 增加评论-controller层-addComment-出参:1
2025-08-09 17:26:22.638  INFO 4500 --- [http-nio-8488-exec-9] c.c.controller.SensitiveWordsController  : 增加敏感词-controller层-addWord-入参:{"category":"分类测试","word":"敏感词测试"}
2025-08-09 17:26:22.768  INFO 4500 --- [http-nio-8488-exec-9] c.c.controller.SensitiveWordsController  : 增加敏感词-controller层-addWord-出参:1
2025-08-09 17:26:54.662  INFO 4500 --- [http-nio-8488-exec-2] com.chlcn.controller.CommentController   : 查询评论-controller层-queryComment-入参:{"module":2,"resourceId":"123"}
2025-08-09 17:26:54.663  INFO 4500 --- [http-nio-8488-exec-2] c.chlcn.service.impl.CommentServiceImpl  : 查询评论-service层-queryCommentByParam-入参:{"isDelete":0,"module":2,"resourceId":123}
2025-08-09 17:26:54.663  INFO 4500 --- [http-nio-8488-exec-2] c.chlcn.service.impl.CommentServiceImpl  : 查询评论-service层-数据库-入参:CommentInfoDto(id=null, userId=null, module=2, resourceId=123, content=null, status=null, score=null, order=null, starNum=null, isDelete=0, createTime=null, updateTime=null, pageNum=1, pageSize=10)
2025-08-09 17:26:54.787  INFO 4500 --- [http-nio-8488-exec-2] c.chlcn.service.impl.CommentServiceImpl  : 查询评论-service层-数据库-出参:CommentInfoDto(id=null, userId=null, module=2, resourceId=123, content=null, status=null, score=null, order=null, starNum=null, isDelete=0, createTime=null, updateTime=null, pageNum=1, pageSize=10)
2025-08-09 17:26:54.789  INFO 4500 --- [http-nio-8488-exec-2] c.chlcn.service.impl.CommentServiceImpl  : 查询评论-service层-queryCommentByParam-出参:CommentResultInfoDto(total=1, list=null)
2025-08-09 17:26:54.790  INFO 4500 --- [http-nio-8488-exec-2] com.chlcn.controller.CommentController   : 查询评论-controller层-queryComment-出参:{"module":2,"resourceId":"123"}
2025-08-09 17:27:25.266  INFO 4500 --- [http-nio-8488-exec-5] com.chlcn.controller.CommentController   : 查询评论-controller层-queryComment-入参:{"module":2,"resourceId":"123"}
2025-08-09 17:27:25.266  INFO 4500 --- [http-nio-8488-exec-5] c.chlcn.service.impl.CommentServiceImpl  : 查询评论-service层-queryCommentByParam-入参:{"isDelete":0,"module":2,"resourceId":123}
2025-08-09 17:27:25.266  INFO 4500 --- [http-nio-8488-exec-5] c.chlcn.service.impl.CommentServiceImpl  : 查询评论-service层-数据库-入参:CommentInfoDto(id=null, userId=null, module=2, resourceId=123, content=null, status=null, score=null, order=null, starNum=null, isDelete=0, createTime=null, updateTime=null, pageNum=1, pageSize=10)
2025-08-09 17:27:25.384  INFO 4500 --- [http-nio-8488-exec-5] c.chlcn.service.impl.CommentServiceImpl  : 查询评论-service层-数据库-出参:CommentInfoDto(id=null, userId=null, module=2, resourceId=123, content=null, status=null, score=null, order=null, starNum=null, isDelete=0, createTime=null, updateTime=null, pageNum=1, pageSize=10)
2025-08-09 17:27:25.384  INFO 4500 --- [http-nio-8488-exec-5] c.chlcn.service.impl.CommentServiceImpl  : 查询评论-service层-queryCommentByParam-出参:CommentResultInfoDto(total=1, list=null)
2025-08-09 17:27:25.384  INFO 4500 --- [http-nio-8488-exec-5] com.chlcn.controller.CommentController   : 查询评论-controller层-queryComment-出参:{"module":2,"resourceId":"123"}
2025-08-09 17:28:44.034  INFO 4500 --- [http-nio-8488-exec-10] com.chlcn.controller.CommentController   : 查询评论-controller层-queryComment-入参:{"module":2,"resourceId":"123"}
2025-08-09 17:28:44.034  INFO 4500 --- [http-nio-8488-exec-10] c.chlcn.service.impl.CommentServiceImpl  : 查询评论-service层-queryCommentByParam-入参:{"isDelete":0,"module":2,"resourceId":123}
2025-08-09 17:28:44.034  INFO 4500 --- [http-nio-8488-exec-10] c.chlcn.service.impl.CommentServiceImpl  : 查询评论-service层-数据库-入参:CommentInfoDto(id=null, userId=null, module=2, resourceId=123, content=null, status=null, score=null, order=null, starNum=null, isDelete=0, createTime=null, updateTime=null, pageNum=1, pageSize=10)
2025-08-09 17:28:44.154  INFO 4500 --- [http-nio-8488-exec-10] c.chlcn.service.impl.CommentServiceImpl  : 查询评论-service层-数据库-出参:CommentInfoDto(id=null, userId=null, module=2, resourceId=123, content=null, status=null, score=null, order=null, starNum=null, isDelete=0, createTime=null, updateTime=null, pageNum=1, pageSize=10)
2025-08-09 17:28:44.155  INFO 4500 --- [http-nio-8488-exec-10] c.chlcn.service.impl.CommentServiceImpl  : 查询评论-service层-queryCommentByParam-出参:CommentResultInfoDto(total=1, list=null)
2025-08-09 17:28:44.155  INFO 4500 --- [http-nio-8488-exec-10] com.chlcn.controller.CommentController   : 查询评论-controller层-queryComment-出参:{"module":2,"resourceId":"123"}
2025-08-09 17:28:47.454  INFO 4500 --- [SpringContextShutdownHook] o.s.s.concurrent.ThreadPoolTaskExecutor  : Shutting down ExecutorService 'applicationTaskExecutor'
2025-08-09 17:28:47.454  INFO 4500 --- [SpringContextShutdownHook] com.zaxxer.hikari.HikariDataSource       : HikariPool-1 - Shutdown initiated...
2025-08-09 17:28:47.460  INFO 4500 --- [SpringContextShutdownHook] com.zaxxer.hikari.HikariDataSource       : HikariPool-1 - Shutdown completed.
2025-08-09 17:28:49.258  INFO 9260 --- [main] com.chlcn.CommentApplication             : Starting CommentApplication using Java 1.8.0_391 on LAPTOP-DPUT71H4 with PID 9260 (D:\code\comment\comment-main\target\classes started by chl in D:\code\comment)
2025-08-09 17:28:49.260  INFO 9260 --- [main] com.chlcn.CommentApplication             : No active profile set, falling back to default profiles: default
2025-08-09 17:28:49.701  INFO 9260 --- [main] o.s.b.w.embedded.tomcat.TomcatWebServer  : Tomcat initialized with port(s): 8488 (http)
2025-08-09 17:28:49.705  INFO 9260 --- [main] o.apache.catalina.core.StandardService   : Starting service [Tomcat]
2025-08-09 17:28:49.705  INFO 9260 --- [main] org.apache.catalina.core.StandardEngine  : Starting Servlet engine: [Apache Tomcat/9.0.41]
2025-08-09 17:28:49.763  INFO 9260 --- [main] o.a.c.c.C.[Tomcat].[localhost].[/]       : Initializing Spring embedded WebApplicationContext
2025-08-09 17:28:49.764  INFO 9260 --- [main] w.s.c.ServletWebServerApplicationContext : Root WebApplicationContext: initialization completed in 484 ms
2025-08-09 17:28:49.942  INFO 9260 --- [main] com.zaxxer.hikari.HikariDataSource       : HikariPool-1 - Starting...
2025-08-09 17:28:51.259  INFO 9260 --- [main] com.zaxxer.hikari.HikariDataSource       : HikariPool-1 - Start completed.
2025-08-09 17:28:51.326  INFO 9260 --- [main] com.chlcn.utils.DFAService               : DFAService-添加敏感词-入参:敏感词测试
2025-08-09 17:28:51.374  INFO 9260 --- [main] o.s.s.concurrent.ThreadPoolTaskExecutor  : Initializing ExecutorService 'applicationTaskExecutor'
2025-08-09 17:28:51.453  INFO 9260 --- [main] o.s.b.w.embedded.tomcat.TomcatWebServer  : Tomcat started on port(s): 8488 (http) with context path ''
2025-08-09 17:28:51.457  INFO 9260 --- [main] com.chlcn.CommentApplication             : Started CommentApplication in 2.382 seconds (JVM running for 3.056)
2025-08-09 17:28:56.393  INFO 9260 --- [http-nio-8488-exec-2] o.a.c.c.C.[Tomcat].[localhost].[/]       : Initializing Spring DispatcherServlet 'dispatcherServlet'
2025-08-09 17:28:56.393  INFO 9260 --- [http-nio-8488-exec-2] o.s.web.servlet.DispatcherServlet        : Initializing Servlet 'dispatcherServlet'
2025-08-09 17:28:56.394  INFO 9260 --- [http-nio-8488-exec-2] o.s.web.servlet.DispatcherServlet        : Completed initialization in 1 ms
2025-08-09 17:28:56.442  INFO 9260 --- [http-nio-8488-exec-2] com.chlcn.controller.CommentController   : 查询评论-controller层-queryComment-入参:{"module":2,"resourceId":"123"}
2025-08-09 17:28:56.444  INFO 9260 --- [http-nio-8488-exec-2] c.chlcn.service.impl.CommentServiceImpl  : 查询评论-service层-queryCommentByParam-入参:{"isDelete":0,"module":2,"resourceId":123}
2025-08-09 17:28:56.444  INFO 9260 --- [http-nio-8488-exec-2] c.chlcn.service.impl.CommentServiceImpl  : 查询评论-service层-数据库-入参:CommentInfoDto(id=null, userId=null, module=2, resourceId=123, content=null, status=null, score=null, order=null, starNum=null, isDelete=0, createTime=null, updateTime=null, pageNum=1, pageSize=10)
2025-08-09 17:28:56.579  INFO 9260 --- [http-nio-8488-exec-2] c.chlcn.service.impl.CommentServiceImpl  : 查询评论-service层-数据库-出参:CommentInfoDto(id=null, userId=null, module=2, resourceId=123, content=null, status=null, score=null, order=null, starNum=null, isDelete=0, createTime=null, updateTime=null, pageNum=1, pageSize=10)
2025-08-09 17:28:56.592  INFO 9260 --- [http-nio-8488-exec-2] c.chlcn.service.impl.CommentServiceImpl  : 查询评论-service层-queryCommentByParam-出参:CommentResultInfoDto(total=1, list=null)
2025-08-09 17:28:56.593  INFO 9260 --- [http-nio-8488-exec-2] com.chlcn.controller.CommentController   : 查询评论-controller层-queryComment-出参:{"module":2,"resourceId":"123"}
2025-08-09 17:29:16.844  INFO 9260 --- [http-nio-8488-exec-3] com.chlcn.controller.CommentController   : 增加评论-controller层-addComment-入参:{"content":"这是一条敏感词测试","module":2,"resourceId":"123","score":6,"userId":"3"}
2025-08-09 17:29:16.849  INFO 9260 --- [http-nio-8488-exec-3] c.chlcn.service.impl.CommentServiceImpl  : 增加评论-service层-addComment-入参:{"content":"这是一条敏感词测试","createTime":1754731756848,"isDelete":0,"module":2,"resourceId":123,"score":6,"starNum":0,"status":0,"updateTime":1754731756848,"userId":3}
2025-08-09 17:29:16.853  INFO 9260 --- [http-nio-8488-exec-3] c.chlcn.service.impl.CommentServiceImpl  : DFA过滤算法-过滤前:这是一条敏感词测试
2025-08-09 17:29:16.854  INFO 9260 --- [http-nio-8488-exec-3] c.chlcn.service.impl.CommentServiceImpl  : DFA过滤算法-过滤后:这是一条*****
2025-08-09 17:29:16.980  INFO 9260 --- [http-nio-8488-exec-3] c.chlcn.service.impl.CommentServiceImpl  : 增加评论-service层-addComment-出参:1
2025-08-09 17:29:16.981  INFO 9260 --- [http-nio-8488-exec-3] com.chlcn.controller.CommentController   : 增加评论-controller层-addComment-出参:1
2025-08-09 17:29:27.217  INFO 9260 --- [http-nio-8488-exec-4] com.chlcn.controller.CommentController   : 查询评论-controller层-queryComment-入参:{"module":2,"resourceId":"123"}
2025-08-09 17:29:27.217  INFO 9260 --- [http-nio-8488-exec-4] c.chlcn.service.impl.CommentServiceImpl  : 查询评论-service层-queryCommentByParam-入参:{"isDelete":0,"module":2,"resourceId":123}
2025-08-09 17:29:27.217  INFO 9260 --- [http-nio-8488-exec-4] c.chlcn.service.impl.CommentServiceImpl  : 查询评论-service层-数据库-入参:CommentInfoDto(id=null, userId=null, module=2, resourceId=123, content=null, status=null, score=null, order=null, starNum=null, isDelete=0, createTime=null, updateTime=null, pageNum=1, pageSize=10)
2025-08-09 17:29:27.614  INFO 9260 --- [http-nio-8488-exec-4] c.chlcn.service.impl.CommentServiceImpl  : 查询评论-service层-数据库-出参:CommentInfoDto(id=null, userId=null, module=2, resourceId=123, content=null, status=null, score=null, order=null, starNum=null, isDelete=0, createTime=null, updateTime=null, pageNum=1, pageSize=10)
2025-08-09 17:29:27.614  INFO 9260 --- [http-nio-8488-exec-4] c.chlcn.service.impl.CommentServiceImpl  : 查询评论-service层-queryCommentByParam-出参:CommentResultInfoDto(total=2, list=null)
2025-08-09 17:29:27.615  INFO 9260 --- [http-nio-8488-exec-4] com.chlcn.controller.CommentController   : 查询评论-controller层-queryComment-出参:{"module":2,"resourceId":"123"}
2025-08-09 17:29:43.613  INFO 9260 --- [SpringContextShutdownHook] o.s.s.concurrent.ThreadPoolTaskExecutor  : Shutting down ExecutorService 'applicationTaskExecutor'
2025-08-09 17:29:43.613  INFO 9260 --- [SpringContextShutdownHook] com.zaxxer.hikari.HikariDataSource       : HikariPool-1 - Shutdown initiated...
2025-08-09 17:29:43.619  INFO 9260 --- [SpringContextShutdownHook] com.zaxxer.hikari.HikariDataSource       : HikariPool-1 - Shutdown completed.
